<?xml version="1.0" encoding="UTF-8"?>
<!-- Generated by org.testng.reporters.JUnitXMLReporter -->
<testsuite hostname="DESKTOP-DSM3BH7" name="LoginTest" tests="2" failures="1" timestamp="16 Apr 2017 18:08:27 GMT" time="54.274" errors="0">
  <testcase name="testAppTitle" time="1.284" classname="TestCases.TC001_LoginValidation"/>
  <testcase name="testLogin" time="17.496" classname="TestCases.TC001_LoginValidation">
    <failure type="java.lang.AssertionError" message="expected [true] but found [false]">
      <![CDATA[java.lang.AssertionError: expected [true] but found [false]
	at TestCases.TC001_LoginValidation.testLogin(TC001_LoginValidation.java:57)
... Removed 28 stack frames]]>
    </failure>
  </testcase> <!-- testLogin -->
</testsuite> <!-- LoginTest -->
