<?xml version="1.0" encoding="UTF-8"?>
<!-- Generated by org.testng.reporters.JUnitXMLReporter -->
<testsuite hostname="DESKTOP-DSM3BH7" name="LoginTest" tests="2" failures="0" timestamp="16 Apr 2017 08:58:20 GMT" time="47.027" errors="0">
  <testcase name="@AfterClass tearDown" time="0.0" classname="TestCases.TC001_LoginValidation">
    <failure type="java.lang.IllegalArgumentException" message="wrong number of arguments">
      <![CDATA[java.lang.IllegalArgumentException: wrong number of arguments
... Removed 24 stack frames]]>
    </failure>
  </testcase> <!-- @AfterClass tearDown -->
  <testcase name="testAppTitle" time="1.42" classname="TestCases.TC001_LoginValidation"/>
  <testcase name="testLogin" time="28.601" classname="TestCases.TC001_LoginValidation"/>
</testsuite> <!-- LoginTest -->
